<?xml version="1.0" encoding="UTF-8"?>
<!-- Generated by org.testng.reporters.JUnitReportReporter -->
<testsuite skipped="0" hostname="IBM-SAVANNA" name="testCases.Chapter1TestCase" tests="3" failures="0" timestamp="13 mai 2018 14:07:51 GMT" time="1.430" errors="0">
  <testcase name="clickRadioButtonEsquerda" time="0.145" classname="testCases.Chapter1TestCase"/>
  <testcase name="verifyTextRedBox" time="0.134" classname="testCases.Chapter1TestCase"/>
  <testcase name="clickButtonLoadRedBox" time="1.151" classname="testCases.Chapter1TestCase"/>
</testsuite> <!-- testCases.Chapter1TestCase -->
