<?xml version="1.0" encoding="UTF-8"?>
<!-- Generated by org.testng.reporters.JUnitReportReporter -->
<testsuite skipped="0" hostname="IBM-SAVANNA" name="testCases.Chapter1TestCase" tests="4" failures="0" timestamp="13 mai 2018 23:49:10 GMT" time="12.506" errors="0">
  <testcase name="clickRadioButtonEsquerda" time="1.081" classname="testCases.Chapter1TestCase"/>
  <testcase name="verifyTextRedBox" time="5.043" classname="testCases.Chapter1TestCase"/>
  <testcase name="clickComboBoxEsquerda" time="1.286" classname="testCases.Chapter1TestCase"/>
  <testcase name="clickButtonLoadRedBox" time="5.096" classname="testCases.Chapter1TestCase"/>
</testsuite> <!-- testCases.Chapter1TestCase -->
